<?xml version="1.0" encoding="UTF-8"?>
<!-- Generated by org.testng.reporters.JUnitXMLReporter -->
<testsuite ignored="0" hostname="Avinash_Ashwini" failures="0" tests="4" name="Test" time="15.484" errors="0" timestamp="19 Nov 2023 07:34:22 GMT">
  <testcase classname="httprequests.httprequests" name="getUser" time="11.461"/>
  <testcase classname="httprequests.httprequests" name="createUser" time="2.121"/>
  <testcase classname="httprequests.httprequests" name="updateUser" time="0.928"/>
  <testcase classname="httprequests.httprequests" name="deleteUser" time="0.931"/>
</testsuite> <!-- Test -->
