<?xml version="1.0" encoding="UTF-8"?>
<testng-results ignored="0" total="5" passed="5" failed="0" skipped="0">
  <reporter-output>
  </reporter-output>
  <suite started-at="2023-11-20T06:12:17Z" name="Default suite" finished-at="2023-11-20T06:12:22Z" duration-ms="4791">
    <groups>
    </groups>
    <test started-at="2023-11-20T06:12:17Z" name="Default test" finished-at="2023-11-20T06:12:22Z" duration-ms="4791">
      <class name="httprequests.pathqueryparameters">
        <test-method signature="pathqueryparameters()[pri:1, instance:httprequests.pathqueryparameters@3f57bcad]" started-at="2023-11-20T06:12:17Z" name="pathqueryparameters" finished-at="2023-11-20T06:12:20Z" duration-ms="2909" status="PASS">
          <reporter-output>
          </reporter-output>
        </test-method> <!-- pathqueryparameters -->
        <test-method signature="getcookieinfo()[pri:2, instance:httprequests.pathqueryparameters@3f57bcad]" started-at="2023-11-20T06:12:20Z" name="getcookieinfo" finished-at="2023-11-20T06:12:21Z" duration-ms="529" status="PASS">
          <reporter-output>
          </reporter-output>
        </test-method> <!-- getcookieinfo -->
        <test-method signature="getcookiesinfo()[pri:3, instance:httprequests.pathqueryparameters@3f57bcad]" started-at="2023-11-20T06:12:21Z" name="getcookiesinfo" finished-at="2023-11-20T06:12:21Z" duration-ms="427" status="PASS">
          <reporter-output>
          </reporter-output>
        </test-method> <!-- getcookiesinfo -->
        <test-method signature="testheaders()[pri:4, instance:httprequests.pathqueryparameters@3f57bcad]" started-at="2023-11-20T06:12:21Z" name="testheaders" finished-at="2023-11-20T06:12:22Z" duration-ms="479" status="PASS">
          <reporter-output>
          </reporter-output>
        </test-method> <!-- testheaders -->
        <test-method signature="testallheaders()[pri:5, instance:httprequests.pathqueryparameters@3f57bcad]" started-at="2023-11-20T06:12:22Z" name="testallheaders" finished-at="2023-11-20T06:12:22Z" duration-ms="400" status="PASS">
          <reporter-output>
          </reporter-output>
        </test-method> <!-- testallheaders -->
      </class> <!-- httprequests.pathqueryparameters -->
    </test> <!-- Default test -->
  </suite> <!-- Default suite -->
</testng-results>
